[33m[nodemon] 2.0.20[39m
[33m[nodemon] to restart at any time, enter `rs`[39m
[33m[nodemon] watching path(s): *.*[39m
[33m[nodemon] watching extensions: js,mjs,json[39m
[32m[nodemon] starting `node index.js`[39m
node:events:491
      throw er; // Unhandled 'error' event
      ^

Error: EBADF: bad file descriptor, read
Emitted 'error' event on ReadStream instance at:
    at emitErrorNT (node:internal/streams/destroy:151:8)
    at errorOrDestroy (node:internal/streams/destroy:214:7)
    at node:internal/fs/streams:258:9
    at FSReqCallback.wrapper [as oncomplete] (node:fs:676:5) {
  errno: -9,
  code: 'EBADF',
  syscall: 'read'
}

Node.js v18.10.0
[33m[nodemon] 2.0.20[39m
[33m[nodemon] to restart at any time, enter `rs`[39m
[33m[nodemon] watching path(s): *.*[39m
[33m[nodemon] watching extensions: js,mjs,json[39m
[32m[nodemon] starting `node index.js`[39m
listening on 8080
[32m[nodemon] restarting due to changes...[39m
[32m[nodemon] starting `node index.js`[39m
listening on 8080
[32m[nodemon] restarting due to changes...[39m
[32m[nodemon] starting `node index.js`[39m
listening on 8080
[32m[nodemon] restarting due to changes...[39m
[32m[nodemon] starting `node index.js`[39m
listening on 8080
[32m[nodemon] restarting due to changes...[39m
[32m[nodemon] starting `node index.js`[39m
listening on 8080
[32m[nodemon] restarting due to changes...[39m
[32m[nodemon] starting `node index.js`[39m
listening on 8080
[
  {
    _id: new ObjectId("636de9e836c8bdc2b7066581"),
    email: 'test@google.com',
    password: '1234'
  },
  {
    _id: new ObjectId("636deac69c10814f8bdaec91"),
    email: 'test@test.com',
    password: '1234'
  },
  {
    _id: new ObjectId("6374d4c87c11116a47ee920f"),
    email: 'rlawodyd129@naver.com',
    password: '1234'
  }
]
